[debug] [2023-07-24T02:13:19.628Z] ----------------------------------------------------------------------
[debug] [2023-07-24T02:13:19.629Z] Command:       /usr/local/bin/firebase /Users/yaslincarmona/.cache/firebase/tools/lib/node_modules/firebase-tools/lib/bin/firebase deploy
[debug] [2023-07-24T02:13:19.630Z] CLI Version:   12.3.1
[debug] [2023-07-24T02:13:19.630Z] Platform:      darwin
[debug] [2023-07-24T02:13:19.630Z] Node Version:  v16.16.0
[debug] [2023-07-24T02:13:19.632Z] Time:          Sun Jul 23 2023 22:13:19 GMT-0400 (Eastern Daylight Time)
[debug] [2023-07-24T02:13:19.632Z] ----------------------------------------------------------------------
[debug] 
[debug] [2023-07-24T02:13:19.740Z] > command requires scopes: ["email","openid","https://www.googleapis.com/auth/cloudplatformprojects.readonly","https://www.googleapis.com/auth/firebase","https://www.googleapis.com/auth/cloud-platform"]
[debug] [2023-07-24T02:13:19.741Z] > authorizing via signed-in user (yaslin123@gmail.com)
[debug] [2023-07-24T02:13:19.741Z] [iam] checking project lms-web-yc for permissions ["firebase.projects.get","firebasehosting.sites.update"]
[debug] [2023-07-24T02:13:19.743Z] >>> [apiv2][query] POST https://cloudresourcemanager.googleapis.com/v1/projects/lms-web-yc:testIamPermissions [none]
[debug] [2023-07-24T02:13:19.744Z] >>> [apiv2][(partial)header] POST https://cloudresourcemanager.googleapis.com/v1/projects/lms-web-yc:testIamPermissions x-goog-quota-user=projects/lms-web-yc
[debug] [2023-07-24T02:13:19.746Z] >>> [apiv2][body] POST https://cloudresourcemanager.googleapis.com/v1/projects/lms-web-yc:testIamPermissions {"permissions":["firebase.projects.get","firebasehosting.sites.update"]}
[debug] [2023-07-24T02:13:19.991Z] <<< [apiv2][status] POST https://cloudresourcemanager.googleapis.com/v1/projects/lms-web-yc:testIamPermissions 200
[debug] [2023-07-24T02:13:19.996Z] <<< [apiv2][body] POST https://cloudresourcemanager.googleapis.com/v1/projects/lms-web-yc:testIamPermissions {"permissions":["firebase.projects.get","firebasehosting.sites.update"]}
[debug] [2023-07-24T02:13:20.000Z] >>> [apiv2][query] GET https://firebase.googleapis.com/v1beta1/projects/lms-web-yc [none]
[debug] [2023-07-24T02:13:20.301Z] <<< [apiv2][status] GET https://firebase.googleapis.com/v1beta1/projects/lms-web-yc 200
[debug] [2023-07-24T02:13:20.304Z] <<< [apiv2][body] GET https://firebase.googleapis.com/v1beta1/projects/lms-web-yc {"projectId":"lms-web-yc","projectNumber":"612000957833","displayName":"lms-web-yc","name":"projects/lms-web-yc","resources":{"hostingSite":"lms-web-yc","storageBucket":"lms-web-yc.appspot.com","locationId":"us-central"},"state":"ACTIVE","etag":"1_95290e1c-c436-4af0-b4c8-51ab8273dcf4"}
[debug] [2023-07-24T02:13:25.076Z] >>> [apiv2][query] GET https://firebasehosting.googleapis.com/v1beta1/projects/lms-web-yc/sites pageToken=&pageSize=10
[debug] [2023-07-24T02:13:25.555Z] <<< [apiv2][status] GET https://firebasehosting.googleapis.com/v1beta1/projects/lms-web-yc/sites 200
[debug] [2023-07-24T02:13:25.558Z] <<< [apiv2][body] GET https://firebasehosting.googleapis.com/v1beta1/projects/lms-web-yc/sites {"sites":[{"name":"projects/lms-web-yc/sites/lms-web-yc","defaultUrl":"https://lms-web-yc.web.app","type":"DEFAULT_SITE"}]}
[debug] [2023-07-24T02:13:25.560Z] >>> [apiv2][query] GET https://firebasehosting.googleapis.com/v1beta1/projects/lms-web-yc/sites 
[debug] [2023-07-24T02:13:26.057Z] <<< [apiv2][status] GET https://firebasehosting.googleapis.com/v1beta1/projects/lms-web-yc/sites 200
[debug] [2023-07-24T02:13:26.060Z] <<< [apiv2][body] GET https://firebasehosting.googleapis.com/v1beta1/projects/lms-web-yc/sites {"sites":[{"name":"projects/lms-web-yc/sites/lms-web-yc","defaultUrl":"https://lms-web-yc.web.app","type":"DEFAULT_SITE"}]}
[debug] [2023-07-24T02:13:26.062Z] >>> [apiv2][query] GET https://firebase.googleapis.com/v1beta1/projects/lms-web-yc/webApps/-/config [none]
[debug] [2023-07-24T02:13:26.532Z] <<< [apiv2][status] GET https://firebase.googleapis.com/v1beta1/projects/lms-web-yc/webApps/-/config 200
[debug] [2023-07-24T02:13:26.534Z] <<< [apiv2][body] GET https://firebase.googleapis.com/v1beta1/projects/lms-web-yc/webApps/-/config {"projectId":"lms-web-yc","appId":"1:612000957833:web:87ce4b1010c1bd87accd58","storageBucket":"lms-web-yc.appspot.com","locationId":"us-central","apiKey":"AIzaSyAvfGpds67h1nC0sFw_sZ9Y8dL1tr35bfA","authDomain":"lms-web-yc.firebaseapp.com","messagingSenderId":"612000957833"}
[info] 
   Thank you for trying our early preview of Next.js support on Firebase Hosting.
   During the preview, support is best-effort and breaking changes can be expected. Proceed with caution.

   Documentation: https://firebase.google.com/docs/hosting/frameworks/nextjs
   File a bug: https://github.com/firebase/firebase-tools/issues/new?template=bug_report.md
   Submit a feature request: https://github.com/firebase/firebase-tools/issues/new?template=feature_request.md

   We'd love to learn from you. Express your interest in helping us shape the future of Firebase Hosting: https://goo.gle/41enW5X

[debug] [2023-07-24T02:14:02.433Z] Error: Export encountered errors on following paths:
	/signup/page: /signup
    at /Users/yaslincarmona/c11/projects/bocacode-final-project/bc-final-web/node_modules/next/dist/export/index.js:625:19
    at processTicksAndRejections (node:internal/process/task_queues:96:5)
    at async Span.traceAsyncFn (/Users/yaslincarmona/c11/projects/bocacode-final-project/bc-final-web/node_modules/next/dist/trace/trace.js:103:20)
    at async /Users/yaslincarmona/c11/projects/bocacode-final-project/bc-final-web/node_modules/next/dist/build/index.js:1524:21
    at async Span.traceAsyncFn (/Users/yaslincarmona/c11/projects/bocacode-final-project/bc-final-web/node_modules/next/dist/trace/trace.js:103:20)
    at async /Users/yaslincarmona/c11/projects/bocacode-final-project/bc-final-web/node_modules/next/dist/build/index.js:1380:17
    at async Span.traceAsyncFn (/Users/yaslincarmona/c11/projects/bocacode-final-project/bc-final-web/node_modules/next/dist/trace/trace.js:103:20)
    at async build (/Users/yaslincarmona/c11/projects/bocacode-final-project/bc-final-web/node_modules/next/dist/build/index.js:145:29)
    at async build (/Users/yaslincarmona/.cache/firebase/tools/lib/node_modules/firebase-tools/lib/frameworks/next/index.js:57:5)
    at async prepareFrameworks (/Users/yaslincarmona/.cache/firebase/tools/lib/node_modules/firebase-tools/lib/frameworks/index.js:211:33)
[error] 
[error] Error: An unexpected error has occurred.
